<?xml version="1.0" encoding="UTF-8"?>
<!-- Generated by org.testng.reporters.JUnitReportReporter -->
<testsuite hostname="DESKTOP-8H6RC7S" failures="0" tests="1" name="practice.test1" time="24.865" errors="0" timestamp="2021-06-05T07:56:31 IST" skipped="0">
  <testcase classname="practice.test1" name="test" time="24.865"/>
  <system-out/>
</testsuite> <!-- practice.test1 -->
