<?xml version="1.0" encoding="UTF-8"?>
<!-- Generated by org.testng.reporters.JUnitReportReporter -->
<testsuite hostname="DESKTOP-8H6RC7S" failures="0" tests="1" name="practice.Links" time="130.620" errors="0" timestamp="2021-06-05T22:15:42 IST" skipped="0">
  <testcase classname="practice.Links" name="MultipleDD" time="130.620"/>
  <system-out/>
</testsuite> <!-- practice.Links -->
