<?xml version="1.0" encoding="UTF-8"?>
<!-- Generated by org.testng.reporters.JUnitReportReporter -->
<testsuite hostname="DESKTOP-8H6RC7S" failures="0" tests="1" name="practice.cookies" time="2.241" errors="0" timestamp="2021-06-05T20:45:58 IST" skipped="0">
  <testcase classname="practice.cookies" name="MultipleDD" time="2.241"/>
  <system-out/>
</testsuite> <!-- practice.cookies -->
