<?xml version="1.0" encoding="UTF-8"?>
<!-- Generated by org.testng.reporters.JUnitReportReporter -->
<testsuite hostname="DESKTOP-8H6RC7S" failures="0" tests="1" name="dropdownhandling.AutosuggestiveDD" time="12.575" errors="0" timestamp="2021-06-05T20:20:00 IST" skipped="0">
  <testcase classname="dropdownhandling.AutosuggestiveDD" name="MultipleDD" time="12.575"/>
  <system-out/>
</testsuite> <!-- dropdownhandling.AutosuggestiveDD -->
