<?xml version="1.0" encoding="UTF-8"?>
<!-- Generated by org.testng.reporters.JUnitReportReporter -->
<testsuite hostname="DESKTOP-8H6RC7S" failures="0" tests="2" name="dropdownhandling.GenericmethodDD" time="23.839" errors="0" timestamp="2021-06-05T11:17:19 IST" skipped="0">
  <testcase classname="dropdownhandling.GenericmethodDD" name="MultipleDD" time="14.409"/>
  <system-out/>
  <testcase classname="dropdownhandling.GenericmethodDD" name="MultipleDD" time="9.430"/>
  <system-out/>
</testsuite> <!-- dropdownhandling.GenericmethodDD -->
