<?xml version="1.0" encoding="UTF-8"?>
<!-- Generated by org.testng.reporters.JUnitReportReporter -->
<testsuite hostname="DESKTOP-8H6RC7S" failures="0" tests="1" name="dropdownhandling.bootstrapdd" time="14.752" errors="0" timestamp="2021-06-05T11:55:51 IST" skipped="0">
  <testcase classname="dropdownhandling.bootstrapdd" name="MultipleDD" time="14.752"/>
  <system-out/>
</testsuite> <!-- dropdownhandling.bootstrapdd -->
