<?xml version="1.0" encoding="UTF-8"?>
<!-- Generated by org.testng.reporters.JUnitReportReporter -->
<testsuite hostname="DESKTOP-8H6RC7S" failures="0" tests="2" name="dropdownhandling.GenericmethodDD" time="21.938" errors="0" timestamp="2021-06-12T21:32:51 IST" skipped="0">
  <testcase classname="dropdownhandling.GenericmethodDD" name="MultipleDD" time="12.271"/>
  <system-out/>
  <testcase classname="dropdownhandling.GenericmethodDD" name="MultipleDD" time="9.667"/>
  <system-out/>
</testsuite> <!-- dropdownhandling.GenericmethodDD -->
