<?xml version="1.0" encoding="UTF-8"?>
<!-- Generated by org.testng.reporters.JUnitReportReporter -->
<testsuite hostname="DESKTOP-8H6RC7S" failures="0" tests="1" name="dropdownhandling.JQueryDD" time="35.893" errors="0" timestamp="2021-06-05T13:49:50 IST" skipped="0">
  <testcase classname="dropdownhandling.JQueryDD" name="MultipleDD" time="35.893"/>
  <system-out/>
</testsuite> <!-- dropdownhandling.JQueryDD -->
