<?xml version="1.0" encoding="UTF-8"?>
<!-- Generated by org.testng.reporters.JUnitReportReporter -->
<testsuite hostname="DESKTOP-8H6RC7S" failures="0" tests="1" name="dropdownhandling.AutosuggestiveDD" time="13.165" errors="0" timestamp="2021-06-11T14:18:29 IST" skipped="0">
  <testcase classname="dropdownhandling.AutosuggestiveDD" name="MultipleDD" time="13.165"/>
  <system-out/>
</testsuite> <!-- dropdownhandling.AutosuggestiveDD -->
