<?xml version="1.0" encoding="UTF-8"?>
<!-- Generated by org.testng.reporters.JUnitReportReporter -->
<testsuite hostname="DESKTOP-8H6RC7S" failures="0" tests="1" name="dropdownhandling.AutosuggestivelocationDD" time="15.926" errors="0" timestamp="2021-06-05T20:33:15 IST" skipped="0">
  <testcase classname="dropdownhandling.AutosuggestivelocationDD" name="MultipleDD" time="15.926"/>
  <system-out/>
</testsuite> <!-- dropdownhandling.AutosuggestivelocationDD -->
