<?xml version="1.0" encoding="UTF-8"?>
<!-- Generated by org.testng.reporters.JUnitReportReporter -->
<testsuite hostname="DESKTOP-8H6RC7S" failures="0" tests="1" name="practice.InputFields" time="13.394" errors="0" timestamp="2021-06-14T21:13:25 IST" skipped="0">
  <testcase classname="practice.InputFields" name="inputdata" time="13.394"/>
  <system-out/>
</testsuite> <!-- practice.InputFields -->
